<?xml version="1.0" encoding="UTF-8"?>
<!-- Generated by org.testng.reporters.JUnitReportReporter -->
<testsuite hostname="LAPTOP-C9Q6D5O7" failures="0" tests="1" name="com.IRCTC.testcases.LoginTest" time="43.328" errors="0" timestamp="2022-09-15T14:46:53 IST" skipped="0">
  <testcase classname="com.IRCTC.testcases.LoginTest" name="logintest1" time="43.328"/>
  <system-out/>
</testsuite> <!-- com.IRCTC.testcases.LoginTest -->
